<?xml version="1.0" encoding="UTF-8"?>
<!-- Generated by org.testng.reporters.JUnitXMLReporter -->
<testsuite ignored="0" hostname="LAPTOP-UG5S8S2B" failures="3" tests="10" name="Test5" time="0.116" errors="0" timestamp="2021-01-17T20:10:33 IST">
  <testcase classname="udemydemo.day1" name="SmokeTest1" time="0.01"/>
  <testcase classname="udemydemo.day1" name="test" time="0.002"/>
  <testcase classname="udemydemo.day2" name="pload" time="0.002"/>
  <testcase classname="udemydemo.day3" name="MobileLoging" time="0.001"/>
  <testcase classname="udemydemo.day3" name="MobileLogout" time="0.002"/>
  <testcase classname="udemydemo.day3" name="MobileSignOut" time="0.0">
    <failure type="org.testng.TestNGException" message="
Parameter &amp;apos;URL&amp;apos; is required by @Test on method MobileSignOut but has not been marked @Optional or defined
in A:\JAVA\TestNGTutorials\testng.xml">
      <![CDATA[org.testng.TestNGException: 
Parameter 'URL' is required by @Test on method MobileSignOut but has not been marked @Optional or defined
in A:\JAVA\TestNGTutorials\testng.xml
at java.base/java.util.ArrayList.forEach(ArrayList.java:1510)
... Removed 26 stack frames]]>
    </failure>
  </testcase> <!-- MobileSignOut -->
  <testcase classname="udemydemo.ParamTest" name="parameterTestTwo" time="0.0">
    <failure type="org.testng.TestNGException" message="
Parameter &amp;apos;test-two-param&amp;apos; is required by @Test on method parameterTestTwo but has not been marked @Optional or defined
in A:\JAVA\TestNGTutorials\testng.xml">
      <![CDATA[org.testng.TestNGException: 
Parameter 'test-two-param' is required by @Test on method parameterTestTwo but has not been marked @Optional or defined
in A:\JAVA\TestNGTutorials\testng.xml
at java.base/java.util.ArrayList.forEach(ArrayList.java:1510)
... Removed 26 stack frames]]>
    </failure>
  </testcase> <!-- parameterTestTwo -->
  <testcase classname="udemydemo.ParamTest" name="prameterTestOne" time="0.0">
    <failure type="org.testng.TestNGException" message="
Parameter &amp;apos;suite-param&amp;apos; is required by @Test on method prameterTestOne but has not been marked @Optional or defined
in A:\JAVA\TestNGTutorials\testng.xml">
      <![CDATA[org.testng.TestNGException: 
Parameter 'suite-param' is required by @Test on method prameterTestOne but has not been marked @Optional or defined
in A:\JAVA\TestNGTutorials\testng.xml
at java.base/java.util.ArrayList.forEach(ArrayList.java:1510)
... Removed 26 stack frames]]>
    </failure>
  </testcase> <!-- prameterTestOne -->
  <testcase classname="udemydemo.day4" name="LoginAPIHomeLoan" time="0.001"/>
  <testcase classname="udemydemo.day4" name="WebLogingHomeLoan" time="0.002"/>
</testsuite> <!-- Test5 -->
