<?xml version="1.0" encoding="UTF-8"?>
<!-- Generated by org.testng.reporters.JUnitXMLReporter -->
<testsuite ignored="0" hostname="LAPTOP-UG5S8S2B" failures="2" tests="4" name="Gold Loan" time="0.069" errors="0" timestamp="2021-01-18T12:21:04 IST">
  <testcase classname="udemydemo.ParamTest" name="parameterTestTwo" time="0.0">
    <failure type="org.testng.TestNGException" message="
Parameter &amp;apos;test-two-param&amp;apos; is required by @Test on method parameterTestTwo but has not been marked @Optional or defined
in A:\JAVA\TestNGTutorials\testng.xml">
      <![CDATA[org.testng.TestNGException: 
Parameter 'test-two-param' is required by @Test on method parameterTestTwo but has not been marked @Optional or defined
in A:\JAVA\TestNGTutorials\testng.xml
at java.base/java.util.ArrayList.forEach(ArrayList.java:1510)
at java.base/java.util.concurrent.FutureTask.run(FutureTask.java:264)
at java.base/java.util.concurrent.ThreadPoolExecutor.runWorker(ThreadPoolExecutor.java:1130)
at java.base/java.util.concurrent.ThreadPoolExecutor$Worker.run(ThreadPoolExecutor.java:630)
at java.base/java.lang.Thread.run(Thread.java:832)
... Removed 17 stack frames]]>
    </failure>
  </testcase> <!-- parameterTestTwo -->
  <testcase classname="udemydemo.ParamTest" name="prameterTestOne" time="0.0">
    <failure type="org.testng.TestNGException" message="
Parameter &amp;apos;suite-param&amp;apos; is required by @Test on method prameterTestOne but has not been marked @Optional or defined
in A:\JAVA\TestNGTutorials\testng.xml">
      <![CDATA[org.testng.TestNGException: 
Parameter 'suite-param' is required by @Test on method prameterTestOne but has not been marked @Optional or defined
in A:\JAVA\TestNGTutorials\testng.xml
at java.base/java.util.ArrayList.forEach(ArrayList.java:1510)
at java.base/java.util.concurrent.FutureTask.run(FutureTask.java:264)
at java.base/java.util.concurrent.ThreadPoolExecutor.runWorker(ThreadPoolExecutor.java:1130)
at java.base/java.util.concurrent.ThreadPoolExecutor$Worker.run(ThreadPoolExecutor.java:630)
at java.base/java.lang.Thread.run(Thread.java:832)
... Removed 17 stack frames]]>
    </failure>
  </testcase> <!-- prameterTestOne -->
  <testcase classname="udemydemo.day4" name="LoginAPIHomeLoan" time="0.004"/>
  <testcase classname="udemydemo.day4" name="WebLogingHomeLoan" time="0.005"/>
</testsuite> <!-- Gold Loan -->
