<?xml version="1.0" encoding="UTF-8"?>
<!-- Generated by org.testng.reporters.JUnitXMLReporter -->
<testsuite ignored="0" hostname="LAPTOP-UG5S8S2B" failures="1" tests="1" name="testFinalSum" time="0.037" errors="0" timestamp="2021-01-16T20:19:40 IST">
  <testcase classname="udemydemo.ParamTest1" name="Sum" time="0.0">
    <failure type="org.testng.TestNGException" message="
Parameter &amp;apos;val2&amp;apos; is required by @Test on method Sum but has not been marked @Optional or defined
in A:\JAVA\TestNGTutorials\finalsum.xml">
      <![CDATA[org.testng.TestNGException: 
Parameter 'val2' is required by @Test on method Sum but has not been marked @Optional or defined
in A:\JAVA\TestNGTutorials\finalsum.xml
at java.base/java.util.ArrayList.forEach(ArrayList.java:1510)
... Removed 26 stack frames]]>
    </failure>
  </testcase> <!-- Sum -->
</testsuite> <!-- testFinalSum -->
